<?xml version="1.0" encoding="UTF-8"?>
<testng-results ignored="0" total="1" passed="1" failed="0" skipped="0">
  <reporter-output>
    <line>
      <![CDATA[Chrome launched]]>
    </line>
  </reporter-output>
  <suite started-at="2024-08-28T12:36:18 IST" name="Default suite" finished-at="2024-08-28T12:36:46 IST" duration-ms="27442">
    <groups>
    </groups>
    <test started-at="2024-08-28T12:36:18 IST" name="Default test" finished-at="2024-08-28T12:36:46 IST" duration-ms="27442">
      <class name="tests.Testclass1">
        <test-method signature="start()[pri:0, instance:tests.Testclass1@6a192cfe]" started-at="2024-08-28T12:36:18 IST" name="start" finished-at="2024-08-28T12:36:45 IST" duration-ms="27106" status="PASS">
          <reporter-output>
            <line>
              <![CDATA[Chrome launched]]>
            </line>
          </reporter-output>
        </test-method> <!-- start -->
      </class> <!-- tests.Testclass1 -->
    </test> <!-- Default test -->
  </suite> <!-- Default suite -->
</testng-results>
